<?xml version="1.0" encoding="UTF-8"?>
<!-- Generated by org.testng.reporters.JUnitReportReporter -->
<testsuite hostname="AMSCNT0197" name="com.fisglobal.xpress.emea.sms.mblox.notifications.DefaultNotificationRequestTemplateTest" tests="2" failures="0" timestamp="16 Oct 2015 13:20:12 GMT" time="0.023" errors="0">
  <testcase name="test1" time="0.022" classname="com.fisglobal.xpress.emea.sms.mblox.notifications.DefaultNotificationRequestTemplateTest"/>
  <testcase name="test2" time="0.001" classname="com.fisglobal.xpress.emea.sms.mblox.notifications.DefaultNotificationRequestTemplateTest"/>
</testsuite> <!-- com.fisglobal.xpress.emea.sms.mblox.notifications.DefaultNotificationRequestTemplateTest -->
