<?xml version="1.0" encoding="UTF-8"?>
<!-- Generated by org.testng.reporters.JUnitReportReporter -->
<testsuite hostname="AMSCNT0197" name="com.fisglobal.xpress.emea.sms.mblox.messaging.connector.BaseMbloxConnectorTest" tests="2" failures="0" timestamp="16 Oct 2015 13:20:12 GMT" time="0.021" errors="0">
  <testcase name="testSendNotificationRequestURINotificationRequestDetails" time="0.000" classname="com.fisglobal.xpress.emea.sms.mblox.messaging.connector.BaseMbloxConnectorTest"/>
  <testcase name="sendNotificationRequest_should_send_string_request_to_given_URI" time="0.021" classname="com.fisglobal.xpress.emea.sms.mblox.messaging.connector.BaseMbloxConnectorTest"/>
</testsuite> <!-- com.fisglobal.xpress.emea.sms.mblox.messaging.connector.BaseMbloxConnectorTest -->
