<?xml version="1.0" encoding="UTF-8"?>
<!-- Generated by org.testng.reporters.JUnitReportReporter -->
<testsuite hostname="AMSCNT0197" name="com.fnis.xes.framework.CSFConnectorTest" tests="1" failures="0" timestamp="19 Oct 2015 13:05:38 GMT" time="1.341" errors="0">
  <testcase name="testGenerateDocument" time="1.341" classname="com.fnis.xes.framework.CSFConnectorTest"/>
</testsuite> <!-- com.fnis.xes.framework.CSFConnectorTest -->
